choose to buy, Robot  0  :  -1 0 0
choose to buy, Robot  1  :  -1 0 0
choose to buy, Robot  2  :  -1 0 0
choose to buy, Robot  3  :  -1 0 0
frame_id:  1  OK! 
choose to buy, Robot  0  :  -1 0 0
choose to buy, Robot  1  :  -1 0 0
choose to buy, Robot  2  :  -1 0 0
choose to buy, Robot  3  :  -1 0 0
frame_id:  2  OK! 
choose to buy, Robot  0  :  -1 0 0
choose to buy, Robot  1  :  -1 0 0
choose to buy, Robot  2  :  -1 0 0
choose to buy, Robot  3  :  -1 0 0
frame_id:  3  OK! 
choose to buy, Robot  0  :  -1 0 0
choose to buy, Robot  1  :  -1 0 0
choose to buy, Robot  2  :  -1 0 0
choose to buy, Robot  3  :  -1 0 0
frame_id:  4  OK! 
choose to buy, Robot  0  :  -1 0 0
choose to buy, Robot  1  :  -1 0 0
choose to buy, Robot  2  :  -1 0 0
choose to buy, Robot  3  :  -1 0 0
frame_id:  5  OK! 
choose to buy, Robot  0  :  -1 0 0
choose to buy, Robot  1  :  -1 0 0
choose to buy, Robot  2  :  -1 0 0
choose to buy, Robot  3  :  -1 0 0
frame_id:  6  OK! 
choose to buy, Robot  0  :  -1 0 0
choose to buy, Robot  1  :  -1 0 0
choose to buy, Robot  2  :  -1 0 0
choose to buy, Robot  3  :  -1 0 0
frame_id:  7  OK! 
choose to buy, Robot  0  :  -1 0 0
choose to buy, Robot  1  :  -1 0 0
choose to buy, Robot  2  :  -1 0 0
choose to buy, Robot  3  :  -1 0 0
frame_id:  8  OK! 
choose to buy, Robot  0  :  -1 0 0
choose to buy, Robot  1  :  -1 0 0
choose to buy, Robot  2  :  -1 0 0
choose to buy, Robot  3  :  -1 0 0
frame_id:  9  OK! 
choose to buy, Robot  0  :  -1 0 0
choose to buy, Robot  1  :  -1 0 0
choose to buy, Robot  2  :  -1 0 0
choose to buy, Robot  3  :  -1 0 0
frame_id:  10  OK! 
choose to buy, Robot  0  :  -1 0 0
choose to buy, Robot  1  :  -1 0 0
choose to buy, Robot  2  :  -1 0 0
choose to buy, Robot  3  :  -1 0 0
frame_id:  11  OK! 
choose to buy, Robot  0  :  -1 0 0
choose to buy, Robot  1  :  -1 0 0
choose to buy, Robot  2  :  -1 0 0
choose to buy, Robot  3  :  -1 0 0
frame_id:  12  OK! 
choose to buy, Robot  0  :  -1 0 0
choose to buy, Robot  1  :  -1 0 0
choose to buy, Robot  2  :  -1 0 0
choose to buy, Robot  3  :  -1 0 0
frame_id:  13  OK! 
choose to buy, Robot  0  :  -1 0 0
choose to buy, Robot  1  :  -1 0 0
choose to buy, Robot  2  :  -1 0 0
choose to buy, Robot  3  :  -1 0 0
frame_id:  14  OK! 
choose to buy, Robot  0  :  -1 0 0
choose to buy, Robot  1  :  -1 0 0
choose to buy, Robot  2  :  -1 0 0
choose to buy, Robot  3  :  -1 0 0
frame_id:  15  OK! 
choose to buy, Robot  0  :  -1 0 0
choose to buy, Robot  1  :  -1 0 0
choose to buy, Robot  2  :  -1 0 0
choose to buy, Robot  3  :  -1 0 0
frame_id:  16  OK! 
choose to buy, Robot  0  :  -1 0 0
choose to buy, Robot  1  :  -1 0 0
choose to buy, Robot  2  :  -1 0 0
choose to buy, Robot  3  :  -1 0 0
frame_id:  17  OK! 
choose to buy, Robot  0  :  -1 0 0
choose to buy, Robot  1  :  -1 0 0
choose to buy, Robot  2  :  -1 0 0
choose to buy, Robot  3  :  -1 0 0
frame_id:  18  OK! 
choose to buy, Robot  0  :  -1 0 0
choose to buy, Robot  1  :  -1 0 0
choose to buy, Robot  2  :  -1 0 0
choose to buy, Robot  3  :  -1 0 0
frame_id:  19  OK! 
choose to buy, Robot  0  :  -1 0 0
choose to buy, Robot  1  :  -1 0 0
choose to buy, Robot  2  :  -1 0 0
choose to buy, Robot  3  :  -1 0 0
frame_id:  20  OK! 
choose to buy, Robot  0  :  -1 0 0
choose to buy, Robot  1  :  -1 0 0
choose to buy, Robot  2  :  -1 0 0
choose to buy, Robot  3  :  -1 0 0
frame_id:  21  OK! 
choose to buy, Robot  0  :  -1 0 0
choose to buy, Robot  1  :  -1 0 0
choose to buy, Robot  2  :  -1 0 0
choose to buy, Robot  3  :  -1 0 0
frame_id:  22  OK! 
choose to buy, Robot  0  :  -1 0 0
choose to buy, Robot  1  :  -1 0 0
choose to buy, Robot  2  :  -1 0 0
choose to buy, Robot  3  :  -1 0 0
frame_id:  23  OK! 
choose to buy, Robot  0  :  -1 0 0
choose to buy, Robot  1  :  -1 0 0
choose to buy, Robot  2  :  -1 0 0
choose to buy, Robot  3  :  -1 0 0
frame_id:  24  OK! 
choose to buy, Robot  0  :  -1 0 0
choose to buy, Robot  1  :  -1 0 0
choose to buy, Robot  2  :  -1 0 0
choose to buy, Robot  3  :  -1 0 0
frame_id:  25  OK! 
choose to buy, Robot  0  :  -1 0 0
choose to buy, Robot  1  :  -1 0 0
choose to buy, Robot  2  :  -1 0 0
choose to buy, Robot  3  :  -1 0 0
frame_id:  26  OK! 
choose to buy, Robot  0  :  -1 0 0
choose to buy, Robot  1  :  -1 0 0
choose to buy, Robot  2  :  -1 0 0
choose to buy, Robot  3  :  -1 0 0
frame_id:  27  OK! 
choose to buy, Robot  0  :  -1 0 0
choose to buy, Robot  1  :  -1 0 0
choose to buy, Robot  2  :  -1 0 0
choose to buy, Robot  3  :  -1 0 0
frame_id:  28  OK! 
choose to buy, Robot  0  :  -1 0 0
choose to buy, Robot  1  :  -1 0 0
choose to buy, Robot  2  :  -1 0 0
choose to buy, Robot  3  :  -1 0 0
frame_id:  29  OK! 
choose to buy, Robot  0  :  -1 0 0
choose to buy, Robot  1  :  -1 0 0
choose to buy, Robot  2  :  -1 0 0
choose to buy, Robot  3  :  -1 0 0
frame_id:  30  OK! 
choose to buy, Robot  0  :  -1 0 0
choose to buy, Robot  1  :  -1 0 0
choose to buy, Robot  2  :  -1 0 0
choose to buy, Robot  3  :  -1 0 0
frame_id:  31  OK! 
choose to buy, Robot  0  :  -1 0 0
choose to buy, Robot  1  :  -1 0 0
choose to buy, Robot  2  :  -1 0 0
choose to buy, Robot  3  :  -1 0 0
frame_id:  32  OK! 
choose to buy, Robot  0  :  -1 0 0
choose to buy, Robot  1  :  -1 0 0
choose to buy, Robot  2  :  -1 0 0
choose to buy, Robot  3  :  -1 0 0
frame_id:  33  OK! 
choose to buy, Robot  0  :  -1 0 0
choose to buy, Robot  1  :  -1 0 0
choose to buy, Robot  2  :  -1 0 0
choose to buy, Robot  3  :  -1 0 0
frame_id:  34  OK! 
choose to buy, Robot  0  :  -1 0 0
choose to buy, Robot  1  :  -1 0 0
choose to buy, Robot  2  :  -1 0 0
choose to buy, Robot  3  :  -1 0 0
frame_id:  35  OK! 
choose to buy, Robot  0  :  -1 0 0
choose to buy, Robot  1  :  -1 0 0
choose to buy, Robot  2  :  -1 0 0
choose to buy, Robot  3  :  -1 0 0
frame_id:  36  OK! 
choose to buy, Robot  0  :  -1 0 0
choose to buy, Robot  1  :  -1 0 0
choose to buy, Robot  2  :  -1 0 0
choose to buy, Robot  3  :  -1 0 0
frame_id:  37  OK! 
choose to buy, Robot  0  :  -1 0 0
choose to buy, Robot  1  :  -1 0 0
choose to buy, Robot  2  :  -1 0 0
choose to buy, Robot  3  :  -1 0 0
frame_id:  38  OK! 
choose to buy, Robot  0  :  -1 0 0
choose to buy, Robot  1  :  -1 0 0
choose to buy, Robot  2  :  -1 0 0
choose to buy, Robot  3  :  -1 0 0
frame_id:  39  OK! 
choose to buy, Robot  0  :  -1 0 0
choose to buy, Robot  1  :  -1 0 0
choose to buy, Robot  2  :  -1 0 0
choose to buy, Robot  3  :  -1 0 0
frame_id:  40  OK! 
choose to buy, Robot  0  :  -1 0 0
choose to buy, Robot  1  :  -1 0 0
choose to buy, Robot  2  :  -1 0 0
choose to buy, Robot  3  :  -1 0 0
frame_id:  41  OK! 
choose to buy, Robot  0  :  -1 0 0
choose to buy, Robot  1  :  -1 0 0
choose to buy, Robot  2  :  -1 0 0
choose to buy, Robot  3  :  -1 0 0
frame_id:  42  OK! 
choose to buy, Robot  0  :  -1 0 0
choose to buy, Robot  1  :  -1 0 0
choose to buy, Robot  2  :  -1 0 0
choose to buy, Robot  3  :  -1 0 0
frame_id:  43  OK! 
choose to buy, Robot  0  :  -1 0 0
choose to buy, Robot  1  :  -1 0 0
choose to buy, Robot  2  :  -1 0 0
choose to buy, Robot  3  :  -1 0 0
frame_id:  44  OK! 
choose to buy, Robot  0  :  -1 0 0
choose to buy, Robot  1  :  -1 0 0
choose to buy, Robot  2  :  -1 0 0
choose to buy, Robot  3  :  -1 0 0
frame_id:  45  OK! 
choose to buy, Robot  0  :  -1 0 0
choose to buy, Robot  1  :  -1 0 0
choose to buy, Robot  2  :  -1 0 0
choose to buy, Robot  3  :  -1 0 0
frame_id:  46  OK! 
choose to buy, Robot  0  :  -1 0 0
choose to buy, Robot  1  :  -1 0 0
choose to buy, Robot  2  :  -1 0 0
choose to buy, Robot  3  :  -1 0 0
frame_id:  47  OK! 
choose to buy, Robot  0  :  -1 0 0
choose to buy, Robot  1  :  -1 0 0
choose to buy, Robot  2  :  -1 0 0
choose to buy, Robot  3  :  -1 0 0
frame_id:  48  OK! 
choose to buy, Robot  0  :  -1 0 0
choose to buy, Robot  1  :  -1 0 0
choose to buy, Robot  2  :  -1 0 0
choose to buy, Robot  3  :  -1 0 0
frame_id:  49  OK! 
choose to buy, Robot  0  :  3 4 8
choose to buy, Robot  1  :  1 13 10
choose to buy, Robot  2  :  1 13 10
choose to buy, Robot  3  :  1 13 10
frame_id:  50  OK! 
choose to buy, Robot  0  :  3 4 8
choose to buy, Robot  1  :  1 13 10
choose to buy, Robot  2  :  1 13 10
choose to buy, Robot  3  :  1 13 10
frame_id:  51  OK! 
choose to buy, Robot  0  :  3 4 8
choose to buy, Robot  1  :  1 13 10
choose to buy, Robot  2  :  1 13 10
choose to buy, Robot  3  :  1 13 10
frame_id:  52  OK! 
choose to buy, Robot  0  :  3 4 8
choose to buy, Robot  1  :  1 13 10
choose to buy, Robot  2  :  1 13 10
choose to buy, Robot  3  :  1 13 10
frame_id:  53  OK! 
choose to buy, Robot  0  :  3 4 8
choose to buy, Robot  1  :  1 13 10
choose to buy, Robot  2  :  1 13 10
choose to buy, Robot  3  :  1 13 10
frame_id:  54  OK! 
choose to buy, Robot  0  :  3 4 8
choose to buy, Robot  1  :  1 13 10
choose to buy, Robot  2  :  1 13 10
choose to buy, Robot  3  :  1 13 10
frame_id:  55  OK! 
choose to buy, Robot  0  :  3 4 8
choose to buy, Robot  1  :  1 13 10
choose to buy, Robot  2  :  1 13 10
choose to buy, Robot  3  :  1 13 10
frame_id:  56  OK! 
choose to buy, Robot  0  :  3 4 8
choose to buy, Robot  1  :  1 13 10
choose to buy, Robot  2  :  1 13 10
choose to buy, Robot  3  :  1 13 10
frame_id:  57  OK! 
choose to buy, Robot  0  :  3 4 8
choose to buy, Robot  1  :  1 13 10
choose to buy, Robot  2  :  1 13 10
choose to buy, Robot  3  :  1 13 10
frame_id:  58  OK! 
choose to buy, Robot  0  :  3 4 8
choose to buy, Robot  1  :  1 13 10
choose to buy, Robot  2  :  1 13 10
choose to buy, Robot  3  :  1 13 10
frame_id:  59  OK! 
choose to buy, Robot  0  :  3 4 8
choose to buy, Robot  1  :  1 13 10
choose to buy, Robot  2  :  1 13 10
choose to buy, Robot  3  :  1 13 10
frame_id:  60  OK! 
choose to buy, Robot  0  :  3 4 8
choose to buy, Robot  1  :  1 13 10
choose to buy, Robot  2  :  1 13 10
choose to buy, Robot  3  :  1 13 10
frame_id:  61  OK! 
choose to buy, Robot  0  :  3 4 8
choose to buy, Robot  1  :  1 13 10
choose to buy, Robot  2  :  1 13 10
choose to buy, Robot  3  :  1 13 10
frame_id:  62  OK! 
choose to buy, Robot  0  :  3 4 8
choose to buy, Robot  1  :  1 13 10
choose to buy, Robot  2  :  1 13 10
choose to buy, Robot  3  :  1 13 10
frame_id:  63  OK! 
choose to buy, Robot  0  :  3 4 8
choose to buy, Robot  1  :  1 13 10
choose to buy, Robot  2  :  1 13 10
choose to buy, Robot  3  :  1 13 10
frame_id:  64  OK! 
choose to buy, Robot  0  :  3 4 8
choose to buy, Robot  1  :  1 13 10
choose to buy, Robot  2  :  1 13 10
choose to buy, Robot  3  :  1 13 10
frame_id:  65  OK! 
choose to buy, Robot  0  :  3 4 8
choose to buy, Robot  1  :  1 13 10
choose to buy, Robot  2  :  1 13 10
choose to buy, Robot  3  :  1 13 10
frame_id:  66  OK! 
choose to buy, Robot  0  :  3 4 8
choose to buy, Robot  1  :  1 13 10
choose to buy, Robot  2  :  1 13 10
choose to buy, Robot  3  :  1 13 10
frame_id:  67  OK! 
choose to buy, Robot  0  :  3 4 8
choose to buy, Robot  1  :  1 13 10
choose to buy, Robot  2  :  1 13 10
choose to buy, Robot  3  :  1 13 10
frame_id:  68  OK! 
choose to buy, Robot  0  :  3 4 8
choose to buy, Robot  1  :  1 13 10
choose to buy, Robot  2  :  1 13 10
choose to buy, Robot  3  :  1 13 10
frame_id:  69  OK! 
choose to buy, Robot  0  :  3 4 8
choose to buy, Robot  1  :  1 13 10
choose to buy, Robot  2  :  1 13 10
choose to buy, Robot  3  :  1 13 10
frame_id:  70  OK! 
choose to buy, Robot  0  :  3 4 8
choose to buy, Robot  1  :  1 13 10
choose to buy, Robot  2  :  1 13 10
choose to buy, Robot  3  :  1 13 10
frame_id:  71  OK! 
choose to buy, Robot  0  :  3 4 8
choose to buy, Robot  1  :  1 13 10
choose to buy, Robot  2  :  1 13 10
choose to buy, Robot  3  :  1 13 10
frame_id:  72  OK! 
choose to buy, Robot  0  :  3 4 8
choose to buy, Robot  1  :  1 13 10
choose to buy, Robot  2  :  1 13 10
choose to buy, Robot  3  :  1 13 10
frame_id:  73  OK! 
choose to buy, Robot  0  :  3 4 8
choose to buy, Robot  1  :  1 13 10
choose to buy, Robot  2  :  1 13 10
choose to buy, Robot  3  :  1 13 10
frame_id:  74  OK! 
choose to buy, Robot  0  :  3 4 8
choose to buy, Robot  1  :  1 13 10
choose to buy, Robot  2  :  1 13 10
choose to buy, Robot  3  :  1 13 10
frame_id:  75  OK! 
choose to buy, Robot  0  :  3 4 8
choose to buy, Robot  1  :  1 13 10
choose to buy, Robot  2  :  1 13 10
choose to buy, Robot  3  :  1 13 10
frame_id:  76  OK! 
choose to buy, Robot  0  :  3 4 8
choose to buy, Robot  1  :  1 13 10
choose to buy, Robot  2  :  1 13 10
choose to buy, Robot  3  :  1 13 10
frame_id:  77  OK! 
choose to buy, Robot  0  :  3 4 8
choose to buy, Robot  1  :  1 13 10
choose to buy, Robot  2  :  1 13 10
choose to buy, Robot  3  :  1 13 10
frame_id:  78  OK! 
choose to buy, Robot  0  :  3 4 8
choose to buy, Robot  1  :  1 13 10
choose to buy, Robot  2  :  1 13 10
choose to buy, Robot  3  :  1 13 10
frame_id:  79  OK! 
choose to buy, Robot  0  :  3 4 8
choose to buy, Robot  1  :  1 13 10
choose to buy, Robot  2  :  1 13 10
choose to buy, Robot  3  :  1 13 10
frame_id:  80  OK! 
choose to buy, Robot  0  :  3 4 8
choose to buy, Robot  1  :  1 13 10
choose to buy, Robot  2  :  1 13 10
choose to buy, Robot  3  :  1 13 10
frame_id:  81  OK! 
choose to buy, Robot  0  :  3 4 8
choose to buy, Robot  1  :  1 13 10
choose to buy, Robot  2  :  1 13 10
choose to buy, Robot  3  :  1 13 10
frame_id:  82  OK! 
choose to buy, Robot  0  :  3 4 8
choose to buy, Robot  1  :  1 13 10
choose to buy, Robot  2  :  1 13 10
choose to buy, Robot  3  :  1 13 10
frame_id:  83  OK! 
choose to buy, Robot  0  :  3 4 8
choose to buy, Robot  1  :  1 13 10
choose to buy, Robot  2  :  1 13 10
choose to buy, Robot  3  :  1 13 10
frame_id:  84  OK! 
choose to buy, Robot  0  :  3 4 8
choose to buy, Robot  1  :  1 13 10
choose to buy, Robot  2  :  1 13 10
choose to buy, Robot  3  :  1 13 10
frame_id:  85  OK! 
choose to buy, Robot  0  :  3 4 8
choose to buy, Robot  1  :  1 13 10
choose to buy, Robot  2  :  1 13 10
choose to buy, Robot  3  :  1 13 10
frame_id:  86  OK! 
choose to buy, Robot  0  :  3 4 8
choose to buy, Robot  1  :  1 13 10
choose to buy, Robot  2  :  1 13 10
choose to buy, Robot  3  :  1 13 10
frame_id:  87  OK! 
choose to buy, Robot  0  :  3 4 8
choose to buy, Robot  1  :  1 13 10
choose to buy, Robot  2  :  1 13 10
choose to buy, Robot  3  :  1 13 10
frame_id:  88  OK! 
choose to buy, Robot  0  :  3 4 8
choose to buy, Robot  1  :  1 13 10
choose to buy, Robot  2  :  1 13 10
choose to buy, Robot  3  :  1 13 10
frame_id:  89  OK! 
choose to buy, Robot  0  :  3 4 8
choose to buy, Robot  1  :  1 13 10
choose to buy, Robot  2  :  1 13 10
choose to buy, Robot  3  :  1 13 10
frame_id:  90  OK! 
choose to buy, Robot  0  :  3 4 8
choose to buy, Robot  1  :  1 13 10
choose to buy, Robot  2  :  1 13 10
buy!, id:  3  workbench :  13  can_sell :  1
frame_id:  91  OK! 
choose to buy, Robot  0  :  3 4 8
choose to buy, Robot  1  :  3 4 8
choose to buy, Robot  2  :  3 4 8
try to sell, robot  3  carry_id  1  sell_workbench:  10  sell_workbench_type_id:  5
frame_id:  92  OK! 
choose to buy, Robot  0  :  3 4 8
choose to buy, Robot  1  :  3 4 8
choose to buy, Robot  2  :  3 4 8
try to sell, robot  3  carry_id  1  sell_workbench:  10  sell_workbench_type_id:  5
frame_id:  93  OK! 
choose to buy, Robot  0  :  3 4 8
choose to buy, Robot  1  :  3 4 8
choose to buy, Robot  2  :  3 4 8
try to sell, robot  3  carry_id  1  sell_workbench:  10  sell_workbench_type_id:  5
frame_id:  94  OK! 
choose to buy, Robot  0  :  3 4 8
choose to buy, Robot  1  :  3 4 8
choose to buy, Robot  2  :  3 4 8
try to sell, robot  3  carry_id  1  sell_workbench:  10  sell_workbench_type_id:  5
frame_id:  95  OK! 
choose to buy, Robot  0  :  3 4 8
choose to buy, Robot  1  :  3 4 8
choose to buy, Robot  2  :  3 4 8
try to sell, robot  3  carry_id  1  sell_workbench:  10  sell_workbench_type_id:  5
frame_id:  96  OK! 
choose to buy, Robot  0  :  3 4 8
choose to buy, Robot  1  :  3 4 8
choose to buy, Robot  2  :  3 4 8
try to sell, robot  3  carry_id  1  sell_workbench:  10  sell_workbench_type_id:  5
frame_id:  97  OK! 
choose to buy, Robot  0  :  3 4 8
choose to buy, Robot  1  :  3 4 8
choose to buy, Robot  2  :  3 4 8
try to sell, robot  3  carry_id  1  sell_workbench:  10  sell_workbench_type_id:  5
frame_id:  98  OK! 
choose to buy, Robot  0  :  3 4 8
choose to buy, Robot  1  :  3 4 8
choose to buy, Robot  2  :  3 4 8
try to sell, robot  3  carry_id  1  sell_workbench:  10  sell_workbench_type_id:  5
frame_id:  99  OK! 
choose to buy, Robot  0  :  3 4 8
choose to buy, Robot  1  :  1 13 10
choose to buy, Robot  2  :  1 13 10
try to sell, robot  3  carry_id  1  sell_workbench:  10  sell_workbench_type_id:  5
frame_id:  100  OK! 
choose to buy, Robot  0  :  3 4 8
choose to buy, Robot  1  :  1 13 10
choose to buy, Robot  2  :  1 13 10
try to sell, robot  3  carry_id  1  sell_workbench:  10  sell_workbench_type_id:  5
frame_id:  101  OK! 
choose to buy, Robot  0  :  3 4 8
choose to buy, Robot  1  :  1 13 10
choose to buy, Robot  2  :  1 13 10
try to sell, robot  3  carry_id  1  sell_workbench:  10  sell_workbench_type_id:  5
frame_id:  102  OK! 
choose to buy, Robot  0  :  3 4 8
choose to buy, Robot  1  :  1 13 10
choose to buy, Robot  2  :  1 13 10
try to sell, robot  3  carry_id  1  sell_workbench:  10  sell_workbench_type_id:  5
frame_id:  103  OK! 
choose to buy, Robot  0  :  3 4 8
choose to buy, Robot  1  :  1 13 10
choose to buy, Robot  2  :  1 13 10
try to sell, robot  3  carry_id  1  sell_workbench:  10  sell_workbench_type_id:  5
frame_id:  104  OK! 
choose to buy, Robot  0  :  3 4 8
choose to buy, Robot  1  :  1 13 10
choose to buy, Robot  2  :  1 13 10
try to sell, robot  3  carry_id  1  sell_workbench:  10  sell_workbench_type_id:  5
frame_id:  105  OK! 
choose to buy, Robot  0  :  3 4 8
choose to buy, Robot  1  :  1 13 10
choose to buy, Robot  2  :  1 13 10
try to sell, robot  3  carry_id  1  sell_workbench:  10  sell_workbench_type_id:  5
frame_id:  106  OK! 
choose to buy, Robot  0  :  3 4 8
choose to buy, Robot  1  :  1 13 10
choose to buy, Robot  2  :  1 13 10
try to sell, robot  3  carry_id  1  sell_workbench:  10  sell_workbench_type_id:  5
frame_id:  107  OK! 
choose to buy, Robot  0  :  3 4 8
choose to buy, Robot  1  :  1 13 10
choose to buy, Robot  2  :  1 13 10
try to sell, robot  3  carry_id  1  sell_workbench:  10  sell_workbench_type_id:  5
frame_id:  108  OK! 
choose to buy, Robot  0  :  3 4 8
choose to buy, Robot  1  :  1 13 10
choose to buy, Robot  2  :  1 13 10
try to sell, robot  3  carry_id  1  sell_workbench:  10  sell_workbench_type_id:  5
frame_id:  109  OK! 
choose to buy, Robot  0  :  3 4 8
choose to buy, Robot  1  :  1 13 10
choose to buy, Robot  2  :  1 13 10
try to sell, robot  3  carry_id  1  sell_workbench:  10  sell_workbench_type_id:  5
frame_id:  110  OK! 
choose to buy, Robot  0  :  3 4 8
choose to buy, Robot  1  :  1 13 10
choose to buy, Robot  2  :  1 13 10
try to sell, robot  3  carry_id  1  sell_workbench:  10  sell_workbench_type_id:  5
frame_id:  111  OK! 
choose to buy, Robot  0  :  3 4 8
choose to buy, Robot  1  :  1 13 10
choose to buy, Robot  2  :  1 13 10
try to sell, robot  3  carry_id  1  sell_workbench:  10  sell_workbench_type_id:  5
frame_id:  112  OK! 
choose to buy, Robot  0  :  3 4 8
choose to buy, Robot  1  :  1 13 10
choose to buy, Robot  2  :  1 13 10
try to sell, robot  3  carry_id  1  sell_workbench:  10  sell_workbench_type_id:  5
frame_id:  113  OK! 
choose to buy, Robot  0  :  3 4 8
choose to buy, Robot  1  :  1 13 10
choose to buy, Robot  2  :  1 13 10
try to sell, robot  3  carry_id  1  sell_workbench:  10  sell_workbench_type_id:  5
frame_id:  114  OK! 
choose to buy, Robot  0  :  3 4 8
choose to buy, Robot  1  :  1 13 10
choose to buy, Robot  2  :  1 13 10
try to sell, robot  3  carry_id  1  sell_workbench:  10  sell_workbench_type_id:  5
frame_id:  115  OK! 
choose to buy, Robot  0  :  3 4 8
choose to buy, Robot  1  :  1 13 10
choose to buy, Robot  2  :  1 13 10
try to sell, robot  3  carry_id  1  sell_workbench:  10  sell_workbench_type_id:  5
frame_id:  116  OK! 
choose to buy, Robot  0  :  3 4 8
choose to buy, Robot  1  :  1 13 10
choose to buy, Robot  2  :  1 13 10
try to sell, robot  3  carry_id  1  sell_workbench:  11  sell_workbench_type_id:  4
frame_id:  117  OK! 
choose to buy, Robot  0  :  3 4 8
choose to buy, Robot  1  :  1 13 10
choose to buy, Robot  2  :  1 13 10
try to sell, robot  3  carry_id  1  sell_workbench:  11  sell_workbench_type_id:  4
frame_id:  118  OK! 
choose to buy, Robot  0  :  3 4 8
choose to buy, Robot  1  :  1 13 10
choose to buy, Robot  2  :  1 13 10
try to sell, robot  3  carry_id  1  sell_workbench:  11  sell_workbench_t